Build started 27/06/2013 9:57:01.
     1>Project "C:\Users\fcomputer\Documents\Visual Studio 2010\Projects\TwitMySong\TwitMySong\TwitMySong.vcxproj" on node 2 (build target(s)).
     1>InitializeBuildStatus:
         Creating "Release\TwitMySong.unsuccessfulbuild" because "AlwaysCreate" was specified.
       ClCompile:
         All outputs are up-to-date.
         C:\Program Files\Microsoft Visual Studio 10.0\VC\bin\CL.exe /c /Zi /nologo /W3 /WX- /O2 /Oi /Oy- /GL /D WIN32 /D _WINDOWS /D _USRDLL /D _WINNT_WIN32=0x5000 /D _UNICODE /D UNICODE /D _WINDLL /D _UNICODE /D UNICODE /D _ATL_STATIC_REGISTRY /Gm- /EHsc /MD /GS /Gy /fp:precise /Zc:wchar_t /Zc:forScope /Yu"StdAfx.h" /Fp"Release\TwitMySong.pch" /Fo"Release\\" /Fd"Release\vc100.pdb" /Gd /TP /analyze- /errorReport:prompt TwitMySongevents.cpp
         TwitMySongevents.cpp
       ResourceCompile:
         All outputs are up-to-date.
       Link:
         C:\Program Files\Microsoft Visual Studio 10.0\VC\bin\link.exe /ERRORREPORT:PROMPT /OUT:"C:\Users\fcomputer\Documents\Visual Studio 2010\Projects\TwitMySong\Release\TwitMySong.dll" /NOLOGO kernel32.lib user32.lib gdi32.lib winspool.lib comdlg32.lib advapi32.lib shell32.lib ole32.lib oleaut32.lib uuid.lib odbc32.lib odbccp32.lib /DEF:"TwitMySong.def" /MANIFEST /ManifestFile:"Release\TwitMySong.dll.intermediate.manifest" /MANIFESTUAC:"level='asInvoker' uiAccess='false'" /DEBUG /PDB:"C:\Users\fcomputer\Documents\Visual Studio 2010\Projects\TwitMySong\Release\TwitMySong.pdb" /SUBSYSTEM:WINDOWS /OPT:REF /OPT:ICF /LTCG /TLBID:1 /BASE:"254803968" /DYNAMICBASE /NXCOMPAT /IMPLIB:"C:\Users\fcomputer\Documents\Visual Studio 2010\Projects\TwitMySong\Release\TwitMySong.lib" /MACHINE:X86 /DLL Release\TwitMySong.res
         Release\StdAfx.obj
         Release\TwitMySong.obj
         Release\TwitMySongdll.obj
         Release\TwitMySongevents.obj
            Creating library C:\Users\fcomputer\Documents\Visual Studio 2010\Projects\TwitMySong\Release\TwitMySong.lib and object C:\Users\fcomputer\Documents\Visual Studio 2010\Projects\TwitMySong\Release\TwitMySong.exp
         Generating code
         Finished generating code
         TwitMySong.vcxproj -> C:\Users\fcomputer\Documents\Visual Studio 2010\Projects\TwitMySong\Release\TwitMySong.dll
       Manifest:
         C:\Program Files\Microsoft SDKs\Windows\v7.0A\bin\mt.exe /nologo /verbose /outputresource:"C:\Users\fcomputer\Documents\Visual Studio 2010\Projects\TwitMySong\Release\TwitMySong.dll;#2" /manifest Release\TwitMySong.dll.intermediate.manifest
       RegisterOutput:
         regsvr32 /s "C:\Users\fcomputer\Documents\Visual Studio 2010\Projects\TwitMySong\Release\TwitMySong.dll"
       FinalizeBuildStatus:
         Deleting file "Release\TwitMySong.unsuccessfulbuild".
         Touching "Release\TwitMySong.lastbuildstate".
     1>Done Building Project "C:\Users\fcomputer\Documents\Visual Studio 2010\Projects\TwitMySong\TwitMySong\TwitMySong.vcxproj" (build target(s)).

Build succeeded.

Time Elapsed 00:00:04.07
