C:\USERS\FCOMP\DROPBOX\PROJECTS\TWITMYSONG\TWITMYSONG WMP PLUGIN\DEBUG\TWITMYSONG.DLL
C:\Users\fcomp\Dropbox\Projects\TwitMySong\TwitMySong WMP Plugin\Debug\TwitMySong.exp
C:\USERS\FCOMP\DROPBOX\PROJECTS\TWITMYSONG\TWITMYSONG WMP PLUGIN\DEBUG\TWITMYSONG.ILK
C:\Users\fcomp\Dropbox\Projects\TwitMySong\TwitMySong WMP Plugin\Debug\TwitMySong.lib
C:\USERS\FCOMP\DROPBOX\PROJECTS\TWITMYSONG\TWITMYSONG WMP PLUGIN\DEBUG\TWITMYSONG.PDB
C:\Users\fcomp\Dropbox\Projects\TwitMySong\TwitMySong WMP Plugin\TwitMySong\Debug\cl.command.1.tlog
C:\Users\fcomp\Dropbox\Projects\TwitMySong\TwitMySong WMP Plugin\TwitMySong\Debug\CL.read.1.tlog
C:\Users\fcomp\Dropbox\Projects\TwitMySong\TwitMySong WMP Plugin\TwitMySong\Debug\CL.write.1.tlog
C:\Users\fcomp\Dropbox\Projects\TwitMySong\TwitMySong WMP Plugin\TwitMySong\Debug\link.command.1.tlog
C:\Users\fcomp\Dropbox\Projects\TwitMySong\TwitMySong WMP Plugin\TwitMySong\Debug\link.read.1.tlog
C:\Users\fcomp\Dropbox\Projects\TwitMySong\TwitMySong WMP Plugin\TwitMySong\Debug\link.write.1.tlog
C:\Users\fcomp\Dropbox\Projects\TwitMySong\TwitMySong WMP Plugin\TwitMySong\Debug\link-cvtres.read.1.tlog
C:\Users\fcomp\Dropbox\Projects\TwitMySong\TwitMySong WMP Plugin\TwitMySong\Debug\link-cvtres.write.1.tlog
C:\Users\fcomp\Dropbox\Projects\TwitMySong\TwitMySong WMP Plugin\TwitMySong\Debug\mt.command.1.tlog
C:\Users\fcomp\Dropbox\Projects\TwitMySong\TwitMySong WMP Plugin\TwitMySong\Debug\mt.read.1.tlog
C:\Users\fcomp\Dropbox\Projects\TwitMySong\TwitMySong WMP Plugin\TwitMySong\Debug\mt.write.1.tlog
C:\Users\fcomp\Dropbox\Projects\TwitMySong\TwitMySong WMP Plugin\TwitMySong\Debug\rc.command.1.tlog
C:\Users\fcomp\Dropbox\Projects\TwitMySong\TwitMySong WMP Plugin\TwitMySong\Debug\rc.read.1.tlog
C:\Users\fcomp\Dropbox\Projects\TwitMySong\TwitMySong WMP Plugin\TwitMySong\Debug\rc.write.1.tlog
C:\USERS\FCOMP\DROPBOX\PROJECTS\TWITMYSONG\TWITMYSONG WMP PLUGIN\TWITMYSONG\DEBUG\STDAFX.OBJ
C:\USERS\FCOMP\DROPBOX\PROJECTS\TWITMYSONG\TWITMYSONG WMP PLUGIN\TWITMYSONG\DEBUG\TWITMYSONG.DLL.INTERMEDIATE.MANIFEST
C:\USERS\FCOMP\DROPBOX\PROJECTS\TWITMYSONG\TWITMYSONG WMP PLUGIN\TWITMYSONG\DEBUG\TWITMYSONG.OBJ
C:\USERS\FCOMP\DROPBOX\PROJECTS\TWITMYSONG\TWITMYSONG WMP PLUGIN\TWITMYSONG\DEBUG\TWITMYSONG.PCH
C:\USERS\FCOMP\DROPBOX\PROJECTS\TWITMYSONG\TWITMYSONG WMP PLUGIN\TWITMYSONG\DEBUG\TWITMYSONG.RES
C:\Users\fcomp\Dropbox\Projects\TwitMySong\TwitMySong WMP Plugin\TwitMySong\Debug\TwitMySong.write.1.tlog
C:\USERS\FCOMP\DROPBOX\PROJECTS\TWITMYSONG\TWITMYSONG WMP PLUGIN\TWITMYSONG\DEBUG\TWITMYSONGDLL.OBJ
C:\USERS\FCOMP\DROPBOX\PROJECTS\TWITMYSONG\TWITMYSONG WMP PLUGIN\TWITMYSONG\DEBUG\TWITMYSONGEVENTS.OBJ
C:\Users\fcomp\Dropbox\Projects\TwitMySong\TwitMySong WMP Plugin\TwitMySong\Debug\vc100.idb
C:\USERS\FCOMP\DROPBOX\PROJECTS\TWITMYSONG\TWITMYSONG WMP PLUGIN\TWITMYSONG\DEBUG\VC100.PDB
C:\USERS\FCOMPUTER\DOCUMENTS\VISUAL STUDIO 2010\PROJECTS\TWITMYSONG\DEBUG\TWITMYSONG.DLL
C:\Users\fcomputer\documents\visual studio 2010\Projects\TwitMySong\Debug\TwitMySong.exp
C:\USERS\FCOMPUTER\DOCUMENTS\VISUAL STUDIO 2010\PROJECTS\TWITMYSONG\DEBUG\TWITMYSONG.ILK
C:\Users\fcomputer\documents\visual studio 2010\Projects\TwitMySong\Debug\TwitMySong.lib
C:\USERS\FCOMPUTER\DOCUMENTS\VISUAL STUDIO 2010\PROJECTS\TWITMYSONG\DEBUG\TWITMYSONG.PDB
C:\USERS\FCOMPUTER\DOCUMENTS\VISUAL STUDIO 2010\PROJECTS\TWITMYSONG\TWITMYSONG\DEBUG\STDAFX.OBJ
C:\USERS\FCOMPUTER\DOCUMENTS\VISUAL STUDIO 2010\PROJECTS\TWITMYSONG\TWITMYSONG\DEBUG\TWITMYSONG.DLL.INTERMEDIATE.MANIFEST
C:\USERS\FCOMPUTER\DOCUMENTS\VISUAL STUDIO 2010\PROJECTS\TWITMYSONG\TWITMYSONG\DEBUG\TWITMYSONG.OBJ
C:\USERS\FCOMPUTER\DOCUMENTS\VISUAL STUDIO 2010\PROJECTS\TWITMYSONG\TWITMYSONG\DEBUG\TWITMYSONG.PCH
C:\USERS\FCOMPUTER\DOCUMENTS\VISUAL STUDIO 2010\PROJECTS\TWITMYSONG\TWITMYSONG\DEBUG\TWITMYSONG.RES
C:\USERS\FCOMPUTER\DOCUMENTS\VISUAL STUDIO 2010\PROJECTS\TWITMYSONG\TWITMYSONG\DEBUG\TWITMYSONGDLL.OBJ
C:\USERS\FCOMPUTER\DOCUMENTS\VISUAL STUDIO 2010\PROJECTS\TWITMYSONG\TWITMYSONG\DEBUG\TWITMYSONGEVENTS.OBJ
C:\USERS\FCOMPUTER\DOCUMENTS\VISUAL STUDIO 2010\PROJECTS\TWITMYSONG\TWITMYSONG\DEBUG\VC100.PDB
